<?xml version="1.0" encoding="UTF-8"?>
<!-- Generated by org.testng.reporters.JUnitReportReporter -->
<testsuite hostname="DESKTOP-5HU0LC5" failures="0" tests="3" name="medifix_Page_Tests.Login_Page_Test" time="74.306" errors="0" timestamp="2024-11-13T18:40:54 IST" skipped="0">
  <testcase classname="medifix_Page_Tests.Login_Page_Test" name="loginTest" time="12.887"/>
  <system-out/>
  <testcase classname="medifix_Page_Tests.Login_Page_Test" name="wrongPassword" time="9.473"/>
  <system-out/>
  <testcase classname="medifix_Page_Tests.Login_Page_Test" name="wrongUsername" time="51.946"/>
  <system-out/>
</testsuite> <!-- medifix_Page_Tests.Login_Page_Test -->
